build/app/intermediates/manifest_merge_blame_file/debug/manifest-merger-blame-debug-report.txt
1<?xml version="1.0" encoding="utf-8"?>
2<manifest xmlns:android="http://schemas.android.com/apk/res/android"
3    package="com.example.movein"
4    android:versionCode="1"
5    android:versionName="1.0.0" >
6
7    <uses-sdk
8        android:minSdkVersion="21"
9        android:targetSdkVersion="31" />
10    <!--
11         The INTERNET permission is required for development. Specifically,
12         the Flutter tool needs it to communicate with the running application
13         to allow setting breakpoints, to provide hot reload, etc.
14    -->
15    <uses-permission android:name="android.permission.INTERNET" />
15-->src/debug/AndroidManifest.xml:7:5-66
15-->src/debug/AndroidManifest.xml:7:22-64
16    <uses-permission android:name="android.permission.WAKE_LOCK" />
16-->[:firebase_messaging] AndroidManifest.xml:10:5-68
16-->[:firebase_messaging] AndroidManifest.xml:10:22-65
17    <uses-permission android:name="android.permission.ACCESS_NETWORK_STATE" /> <!-- Permissions options for the `notification` group -->
17-->[:firebase_messaging] AndroidManifest.xml:11:5-79
17-->[:firebase_messaging] AndroidManifest.xml:11:22-76
18    <uses-permission android:name="android.permission.POST_NOTIFICATIONS" /> <!-- See https://developer.android.com/training/package-visibility/declaring for more details. -->
18-->[:firebase_messaging] AndroidManifest.xml:13:5-77
18-->[:firebase_messaging] AndroidManifest.xml:13:22-74
19    <queries>
19-->[com.stripe:financial-connections:20.28.3] AndroidManifest.xml:10:5-18:15
20
21        <!-- Added to check the default browser that will host the AuthFlow. -->
22        <intent>
22-->[com.stripe:financial-connections:20.28.3] AndroidManifest.xml:13:9-17:18
23            <action android:name="android.intent.action.VIEW" />
23-->[com.stripe:link:20.28.3] AndroidManifest.xml:21:17-69
23-->[com.stripe:link:20.28.3] AndroidManifest.xml:21:25-66
24
25            <data android:scheme="http" />
25-->[com.stripe:link:20.28.3] AndroidManifest.xml:26:17-29:51
25-->[com.stripe:link:20.28.3] AndroidManifest.xml:29:21-48
26        </intent>
27        <!-- Added to check if Chrome is installed for browser-based payment authentication (e.g. 3DS1). -->
28        <package android:name="com.android.chrome" /> <!-- Needs to be explicitly declared on Android R+ -->
28-->[com.stripe:payments-core:20.28.3] AndroidManifest.xml:11:9-54
28-->[com.stripe:payments-core:20.28.3] AndroidManifest.xml:11:18-51
29        <package android:name="com.google.android.apps.maps" /> <!-- For browser content -->
29-->[com.google.android.gms:play-services-maps:18.0.2] AndroidManifest.xml:33:9-64
29-->[com.google.android.gms:play-services-maps:18.0.2] AndroidManifest.xml:33:18-61
30        <intent>
30-->[com.google.android.gms:play-services-ads-lite:22.4.0] AndroidManifest.xml:38:9-44:18
31            <action android:name="android.intent.action.VIEW" />
31-->[com.stripe:link:20.28.3] AndroidManifest.xml:21:17-69
31-->[com.stripe:link:20.28.3] AndroidManifest.xml:21:25-66
32
33            <category android:name="android.intent.category.BROWSABLE" />
33-->[com.stripe:link:20.28.3] AndroidManifest.xml:24:17-78
33-->[com.stripe:link:20.28.3] AndroidManifest.xml:24:27-75
34
35            <data android:scheme="https" />
35-->[com.stripe:link:20.28.3] AndroidManifest.xml:26:17-29:51
35-->[com.stripe:link:20.28.3] AndroidManifest.xml:29:21-48
36        </intent> <!-- End of browser content -->
37        <!-- For CustomTabsService -->
38        <intent>
38-->[com.google.android.gms:play-services-ads-lite:22.4.0] AndroidManifest.xml:47:9-49:18
39            <action android:name="android.support.customtabs.action.CustomTabsService" />
39-->[com.google.android.gms:play-services-ads-lite:22.4.0] AndroidManifest.xml:48:13-90
39-->[com.google.android.gms:play-services-ads-lite:22.4.0] AndroidManifest.xml:48:21-87
40        </intent>
41        <intent>
41-->[com.android.billingclient:billing:6.0.1] AndroidManifest.xml:13:9-15:18
42            <action android:name="com.android.vending.billing.InAppBillingService.BIND" />
42-->[com.android.billingclient:billing:6.0.1] AndroidManifest.xml:14:13-91
42-->[com.android.billingclient:billing:6.0.1] AndroidManifest.xml:14:21-88
43        </intent>
44    </queries> <!-- Required by older versions of Google Play services to create IID tokens -->
45    <uses-permission android:name="com.google.android.c2dm.permission.RECEIVE" />
45-->[com.google.firebase:firebase-messaging:23.2.1] AndroidManifest.xml:26:5-82
45-->[com.google.firebase:firebase-messaging:23.2.1] AndroidManifest.xml:26:22-79
46
47    <uses-feature
47-->[com.google.android.gms:play-services-maps:18.0.2] AndroidManifest.xml:26:5-28:35
48        android:glEsVersion="0x00020000"
48-->[com.google.android.gms:play-services-maps:18.0.2] AndroidManifest.xml:27:9-41
49        android:required="true" />
49-->[com.google.android.gms:play-services-maps:18.0.2] AndroidManifest.xml:28:9-32
50
51    <uses-permission android:name="com.google.android.gms.permission.AD_ID" />
51-->[com.google.android.gms:play-services-ads-lite:22.4.0] AndroidManifest.xml:26:5-79
51-->[com.google.android.gms:play-services-ads-lite:22.4.0] AndroidManifest.xml:26:22-76
52    <uses-permission android:name="android.permission.ACCESS_ADSERVICES_AD_ID" />
52-->[com.google.android.gms:play-services-ads-lite:22.4.0] AndroidManifest.xml:27:5-82
52-->[com.google.android.gms:play-services-ads-lite:22.4.0] AndroidManifest.xml:27:22-79
53    <uses-permission android:name="android.permission.ACCESS_ADSERVICES_ATTRIBUTION" />
53-->[com.google.android.gms:play-services-ads-lite:22.4.0] AndroidManifest.xml:28:5-88
53-->[com.google.android.gms:play-services-ads-lite:22.4.0] AndroidManifest.xml:28:22-85
54    <uses-permission android:name="android.permission.ACCESS_ADSERVICES_TOPICS" />
54-->[com.google.android.gms:play-services-ads-lite:22.4.0] AndroidManifest.xml:29:5-83
54-->[com.google.android.gms:play-services-ads-lite:22.4.0] AndroidManifest.xml:29:22-80
55    <uses-permission android:name="android.permission.FOREGROUND_SERVICE" />
55-->[androidx.work:work-runtime:2.7.0] AndroidManifest.xml:28:5-77
55-->[androidx.work:work-runtime:2.7.0] AndroidManifest.xml:28:22-74
56
57    <permission
57-->[androidx.core:core:1.10.1] AndroidManifest.xml:22:5-24:47
58        android:name="com.example.movein.DYNAMIC_RECEIVER_NOT_EXPORTED_PERMISSION"
58-->[androidx.core:core:1.10.1] AndroidManifest.xml:23:9-81
59        android:protectionLevel="signature" />
59-->[androidx.core:core:1.10.1] AndroidManifest.xml:24:9-44
60
61    <uses-permission android:name="com.example.movein.DYNAMIC_RECEIVER_NOT_EXPORTED_PERMISSION" />
61-->[androidx.core:core:1.10.1] AndroidManifest.xml:26:5-97
61-->[androidx.core:core:1.10.1] AndroidManifest.xml:26:22-94
62    <uses-permission android:name="com.android.vending.BILLING" />
62-->[com.android.billingclient:billing:6.0.1] AndroidManifest.xml:10:5-67
62-->[com.android.billingclient:billing:6.0.1] AndroidManifest.xml:10:22-64
63
64    <application
65        android:name="io.flutter.app.FlutterMultiDexApplication"
66        android:appComponentFactory="androidx.core.app.CoreComponentFactory"
66-->[androidx.core:core:1.10.1] AndroidManifest.xml:28:18-86
67        android:debuggable="true"
68        android:enableOnBackInvokedCallback="true"
69        android:icon="@mipmap/ic_launcher"
70        android:label="movein" >
71        <activity
72            android:name="com.example.movein.MainActivity"
73            android:configChanges="orientation|keyboardHidden|keyboard|screenSize|smallestScreenSize|locale|layoutDirection|fontScale|screenLayout|density|uiMode"
74            android:exported="true"
75            android:hardwareAccelerated="true"
76            android:launchMode="singleTop"
77            android:theme="@style/LaunchTheme"
78            android:windowSoftInputMode="adjustResize" >
79
80            <!--
81                 Specifies an Android theme to apply to this Activity as soon as
82                 the Android process has started. This theme is visible to the user
83                 while the Flutter UI initializes. After that, this theme continues
84                 to determine the Window background behind the Flutter UI.
85            -->
86            <meta-data
87                android:name="io.flutter.embedding.android.NormalTheme"
88                android:resource="@style/NormalTheme" />
89
90            <intent-filter>
91                <action android:name="android.intent.action.MAIN" />
92
93                <category android:name="android.intent.category.LAUNCHER" />
94            </intent-filter>
95        </activity>
96        <activity
97            android:name="com.yalantis.ucrop.UCropActivity"
98            android:screenOrientation="portrait"
99            android:theme="@style/Theme.AppCompat.Light.NoActionBar" />
100        <!--
101             Don't delete the meta-data below.
102             This is used by the Flutter tool to generate GeneratedPluginRegistrant.java
103        -->
104        <meta-data
105            android:name="flutterEmbedding"
106            android:value="2" />
107        <meta-data
108            android:name="com.google.android.gms.ads.APPLICATION_ID"
109            android:value="ca-app-pub-1771439536724973~2368428568" />
110
111        <service
111-->[:cloud_firestore] AndroidManifest.xml:10:9-14:19
112            android:name="com.google.firebase.components.ComponentDiscoveryService"
112-->[:cloud_firestore] AndroidManifest.xml:10:18-89
113            android:directBootAware="true"
113-->[com.google.firebase:firebase-common:20.3.3] AndroidManifest.xml:34:13-43
114            android:exported="false" >
114-->[com.google.firebase:firebase-auth:22.1.1] AndroidManifest.xml:68:13-37
115            <meta-data
115-->[:cloud_firestore] AndroidManifest.xml:11:13-13:85
116                android:name="com.google.firebase.components:io.flutter.plugins.firebase.firestore.FlutterFirebaseFirestoreRegistrar"
116-->[:cloud_firestore] AndroidManifest.xml:12:17-134
117                android:value="com.google.firebase.components.ComponentRegistrar" />
117-->[:cloud_firestore] AndroidManifest.xml:13:17-82
118            <meta-data
118-->[:firebase_auth] AndroidManifest.xml:11:13-13:85
119                android:name="com.google.firebase.components:io.flutter.plugins.firebase.auth.FlutterFirebaseAuthRegistrar"
119-->[:firebase_auth] AndroidManifest.xml:12:17-124
120                android:value="com.google.firebase.components.ComponentRegistrar" />
120-->[:firebase_auth] AndroidManifest.xml:13:17-82
121            <meta-data
121-->[:firebase_messaging] AndroidManifest.xml:38:13-40:85
122                android:name="com.google.firebase.components:io.flutter.plugins.firebase.messaging.FlutterFirebaseAppRegistrar"
122-->[:firebase_messaging] AndroidManifest.xml:39:17-128
123                android:value="com.google.firebase.components.ComponentRegistrar" />
123-->[:firebase_messaging] AndroidManifest.xml:40:17-82
124            <meta-data
124-->[:firebase_core] AndroidManifest.xml:11:13-13:85
125                android:name="com.google.firebase.components:io.flutter.plugins.firebase.core.FlutterFirebaseCoreRegistrar"
125-->[:firebase_core] AndroidManifest.xml:12:17-124
126                android:value="com.google.firebase.components.ComponentRegistrar" />
126-->[:firebase_core] AndroidManifest.xml:13:17-82
127            <meta-data
127-->[com.google.firebase:firebase-auth:22.1.1] AndroidManifest.xml:69:13-71:85
128                android:name="com.google.firebase.components:com.google.firebase.auth.FirebaseAuthRegistrar"
128-->[com.google.firebase:firebase-auth:22.1.1] AndroidManifest.xml:70:17-109
129                android:value="com.google.firebase.components.ComponentRegistrar" />
129-->[com.google.firebase:firebase-auth:22.1.1] AndroidManifest.xml:71:17-82
130            <meta-data
130-->[com.google.firebase:firebase-firestore:24.7.1] AndroidManifest.xml:17:13-19:85
131                android:name="com.google.firebase.components:com.google.firebase.firestore.FirestoreRegistrar"
131-->[com.google.firebase:firebase-firestore:24.7.1] AndroidManifest.xml:18:17-111
132                android:value="com.google.firebase.components.ComponentRegistrar" />
132-->[com.google.firebase:firebase-firestore:24.7.1] AndroidManifest.xml:19:17-82
133            <meta-data
133-->[com.google.firebase:firebase-messaging:23.2.1] AndroidManifest.xml:53:13-55:85
134                android:name="com.google.firebase.components:com.google.firebase.messaging.FirebaseMessagingRegistrar"
134-->[com.google.firebase:firebase-messaging:23.2.1] AndroidManifest.xml:54:17-119
135                android:value="com.google.firebase.components.ComponentRegistrar" />
135-->[com.google.firebase:firebase-messaging:23.2.1] AndroidManifest.xml:55:17-82
136            <meta-data
136-->[com.google.firebase:firebase-iid:21.1.0] AndroidManifest.xml:32:13-34:85
137                android:name="com.google.firebase.components:com.google.firebase.iid.Registrar"
137-->[com.google.firebase:firebase-iid:21.1.0] AndroidManifest.xml:33:17-96
138                android:value="com.google.firebase.components.ComponentRegistrar" />
138-->[com.google.firebase:firebase-iid:21.1.0] AndroidManifest.xml:34:17-82
139            <meta-data
139-->[com.google.firebase:firebase-installations:17.1.4] AndroidManifest.xml:15:13-17:85
140                android:name="com.google.firebase.components:com.google.firebase.installations.FirebaseInstallationsRegistrar"
140-->[com.google.firebase:firebase-installations:17.1.4] AndroidManifest.xml:16:17-127
141                android:value="com.google.firebase.components.ComponentRegistrar" />
141-->[com.google.firebase:firebase-installations:17.1.4] AndroidManifest.xml:17:17-82
142            <meta-data
142-->[com.google.firebase:firebase-datatransport:18.1.7] AndroidManifest.xml:27:13-29:85
143                android:name="com.google.firebase.components:com.google.firebase.datatransport.TransportRegistrar"
143-->[com.google.firebase:firebase-datatransport:18.1.7] AndroidManifest.xml:28:17-115
144                android:value="com.google.firebase.components.ComponentRegistrar" />
144-->[com.google.firebase:firebase-datatransport:18.1.7] AndroidManifest.xml:29:17-82
145        </service>
146        <service
146-->[:firebase_messaging] AndroidManifest.xml:16:9-19:72
147            android:name="io.flutter.plugins.firebase.messaging.FlutterFirebaseMessagingBackgroundService"
147-->[:firebase_messaging] AndroidManifest.xml:17:13-107
148            android:exported="false"
148-->[:firebase_messaging] AndroidManifest.xml:18:13-37
149            android:permission="android.permission.BIND_JOB_SERVICE" />
149-->[:firebase_messaging] AndroidManifest.xml:19:13-69
150        <service
150-->[:firebase_messaging] AndroidManifest.xml:20:9-26:19
151            android:name="io.flutter.plugins.firebase.messaging.FlutterFirebaseMessagingService"
151-->[:firebase_messaging] AndroidManifest.xml:21:13-97
152            android:exported="false" >
152-->[:firebase_messaging] AndroidManifest.xml:22:13-37
153            <intent-filter>
153-->[:firebase_messaging] AndroidManifest.xml:23:13-25:29
154                <action android:name="com.google.firebase.MESSAGING_EVENT" />
154-->[:firebase_messaging] AndroidManifest.xml:24:17-78
154-->[:firebase_messaging] AndroidManifest.xml:24:25-75
155            </intent-filter>
156        </service>
157
158        <receiver
158-->[:firebase_messaging] AndroidManifest.xml:28:9-35:20
159            android:name="io.flutter.plugins.firebase.messaging.FlutterFirebaseMessagingReceiver"
159-->[:firebase_messaging] AndroidManifest.xml:29:13-98
160            android:exported="true"
160-->[:firebase_messaging] AndroidManifest.xml:30:13-36
161            android:permission="com.google.android.c2dm.permission.SEND" >
161-->[:firebase_messaging] AndroidManifest.xml:31:13-73
162            <intent-filter>
162-->[:firebase_messaging] AndroidManifest.xml:32:13-34:29
163                <action android:name="com.google.android.c2dm.intent.RECEIVE" />
163-->[:firebase_messaging] AndroidManifest.xml:33:17-81
163-->[:firebase_messaging] AndroidManifest.xml:33:25-78
164            </intent-filter>
165        </receiver>
166
167        <provider
167-->[:firebase_messaging] AndroidManifest.xml:43:9-47:38
168            android:name="io.flutter.plugins.firebase.messaging.FlutterFirebaseMessagingInitProvider"
168-->[:firebase_messaging] AndroidManifest.xml:44:13-102
169            android:authorities="com.example.movein.flutterfirebasemessaginginitprovider"
169-->[:firebase_messaging] AndroidManifest.xml:45:13-88
170            android:exported="false"
170-->[:firebase_messaging] AndroidManifest.xml:46:13-37
171            android:initOrder="99" />
171-->[:firebase_messaging] AndroidManifest.xml:47:13-35
172        <provider
172-->[:flutter_email_sender] AndroidManifest.xml:10:9-18:20
173            android:name="com.sidlatau.flutteremailsender.FlutterEmailSenderFileProvider"
173-->[:flutter_email_sender] AndroidManifest.xml:11:13-90
174            android:authorities="com.example.movein.file_provider"
174-->[:flutter_email_sender] AndroidManifest.xml:12:13-65
175            android:exported="false"
175-->[:flutter_email_sender] AndroidManifest.xml:13:13-37
176            android:grantUriPermissions="true" >
176-->[:flutter_email_sender] AndroidManifest.xml:14:13-47
177            <meta-data
177-->[:flutter_email_sender] AndroidManifest.xml:15:13-17:61
178                android:name="android.support.FILE_PROVIDER_PATHS"
178-->[:flutter_email_sender] AndroidManifest.xml:16:17-67
179                android:resource="@xml/shared_file_paths" />
179-->[:flutter_email_sender] AndroidManifest.xml:17:17-58
180        </provider>
181        <provider
181-->[:image_picker_android] AndroidManifest.xml:10:9-18:20
182            android:name="io.flutter.plugins.imagepicker.ImagePickerFileProvider"
182-->[:image_picker_android] AndroidManifest.xml:11:13-82
183            android:authorities="com.example.movein.flutter.image_provider"
183-->[:image_picker_android] AndroidManifest.xml:12:13-74
184            android:exported="false"
184-->[:image_picker_android] AndroidManifest.xml:13:13-37
185            android:grantUriPermissions="true" >
185-->[:image_picker_android] AndroidManifest.xml:14:13-47
186            <meta-data
186-->[:flutter_email_sender] AndroidManifest.xml:15:13-17:61
187                android:name="android.support.FILE_PROVIDER_PATHS"
187-->[:flutter_email_sender] AndroidManifest.xml:16:17-67
188                android:resource="@xml/flutter_image_picker_file_paths" />
188-->[:flutter_email_sender] AndroidManifest.xml:17:17-58
189        </provider>
190
191        <activity
191-->[:url_launcher_android] AndroidManifest.xml:10:9-13:74
192            android:name="io.flutter.plugins.urllauncher.WebViewActivity"
192-->[:url_launcher_android] AndroidManifest.xml:11:13-74
193            android:exported="false"
193-->[:url_launcher_android] AndroidManifest.xml:12:13-37
194            android:theme="@android:style/Theme.NoTitleBar.Fullscreen" />
194-->[:url_launcher_android] AndroidManifest.xml:13:13-71
195
196        <meta-data
196-->[:pay_android] AndroidManifest.xml:14:9-16:36
197            android:name="com.google.android.gms.wallet.api.enabled"
197-->[:pay_android] AndroidManifest.xml:15:13-69
198            android:value="true" />
198-->[:pay_android] AndroidManifest.xml:16:13-33
199        <meta-data
199-->[:google_mobile_ads] AndroidManifest.xml:12:9-14:36
200            android:name="io.flutter.embedded_views_preview"
200-->[:google_mobile_ads] AndroidManifest.xml:13:13-61
201            android:value="true" />
201-->[:google_mobile_ads] AndroidManifest.xml:14:13-33
202
203        <activity
203-->[com.stripe:paymentsheet:20.28.3] AndroidManifest.xml:8:9-12:58
204            android:name="com.stripe.android.paymentsheet.PaymentSheetActivity"
204-->[com.stripe:paymentsheet:20.28.3] AndroidManifest.xml:9:13-80
205            android:exported="false"
205-->[com.stripe:paymentsheet:20.28.3] AndroidManifest.xml:10:13-37
206            android:theme="@style/StripePaymentSheetDefaultTheme"
206-->[com.stripe:paymentsheet:20.28.3] AndroidManifest.xml:11:13-66
207            android:windowSoftInputMode="adjustResize" />
207-->[com.stripe:paymentsheet:20.28.3] AndroidManifest.xml:12:13-55
208        <activity
208-->[com.stripe:paymentsheet:20.28.3] AndroidManifest.xml:13:9-17:58
209            android:name="com.stripe.android.paymentsheet.PaymentOptionsActivity"
209-->[com.stripe:paymentsheet:20.28.3] AndroidManifest.xml:14:13-82
210            android:exported="false"
210-->[com.stripe:paymentsheet:20.28.3] AndroidManifest.xml:15:13-37
211            android:theme="@style/StripePaymentSheetDefaultTheme"
211-->[com.stripe:paymentsheet:20.28.3] AndroidManifest.xml:16:13-66
212            android:windowSoftInputMode="adjustResize" />
212-->[com.stripe:paymentsheet:20.28.3] AndroidManifest.xml:17:13-55
213        <activity
213-->[com.stripe:paymentsheet:20.28.3] AndroidManifest.xml:18:9-22:58
214            android:name="com.stripe.android.customersheet.CustomerSheetActivity"
214-->[com.stripe:paymentsheet:20.28.3] AndroidManifest.xml:19:13-82
215            android:exported="false"
215-->[com.stripe:paymentsheet:20.28.3] AndroidManifest.xml:20:13-37
216            android:theme="@style/StripePaymentSheetDefaultTheme"
216-->[com.stripe:paymentsheet:20.28.3] AndroidManifest.xml:21:13-66
217            android:windowSoftInputMode="adjustResize" />
217-->[com.stripe:paymentsheet:20.28.3] AndroidManifest.xml:22:13-55
218        <activity
218-->[com.stripe:paymentsheet:20.28.3] AndroidManifest.xml:23:9-26:69
219            android:name="com.stripe.android.paymentsheet.addresselement.AddressElementActivity"
219-->[com.stripe:paymentsheet:20.28.3] AndroidManifest.xml:24:13-97
220            android:exported="false"
220-->[com.stripe:paymentsheet:20.28.3] AndroidManifest.xml:25:13-37
221            android:theme="@style/StripePaymentSheetDefaultTheme" />
221-->[com.stripe:paymentsheet:20.28.3] AndroidManifest.xml:26:13-66
222        <activity
222-->[com.stripe:paymentsheet:20.28.3] AndroidManifest.xml:27:9-30:69
223            android:name="com.stripe.android.paymentsheet.paymentdatacollection.polling.PollingActivity"
223-->[com.stripe:paymentsheet:20.28.3] AndroidManifest.xml:28:13-105
224            android:exported="false"
224-->[com.stripe:paymentsheet:20.28.3] AndroidManifest.xml:29:13-37
225            android:theme="@style/StripePaymentSheetDefaultTheme" />
225-->[com.stripe:paymentsheet:20.28.3] AndroidManifest.xml:30:13-66
226        <activity
226-->[com.stripe:link:20.28.3] AndroidManifest.xml:8:9-13:61
227            android:name="com.stripe.android.link.LinkForegroundActivity"
227-->[com.stripe:link:20.28.3] AndroidManifest.xml:9:13-74
228            android:autoRemoveFromRecents="true"
228-->[com.stripe:link:20.28.3] AndroidManifest.xml:10:13-49
229            android:configChanges="orientation|keyboard|keyboardHidden|screenLayout|screenSize|smallestScreenSize"
229-->[com.stripe:link:20.28.3] AndroidManifest.xml:11:13-115
230            android:launchMode="singleTop"
230-->[com.stripe:link:20.28.3] AndroidManifest.xml:12:13-43
231            android:theme="@style/StripeTransparentTheme" />
231-->[com.stripe:link:20.28.3] AndroidManifest.xml:13:13-58
232        <activity
232-->[com.stripe:link:20.28.3] AndroidManifest.xml:14:9-31:20
233            android:name="com.stripe.android.link.LinkRedirectHandlerActivity"
233-->[com.stripe:link:20.28.3] AndroidManifest.xml:15:13-79
234            android:autoRemoveFromRecents="true"
234-->[com.stripe:link:20.28.3] AndroidManifest.xml:16:13-49
235            android:exported="true"
235-->[com.stripe:link:20.28.3] AndroidManifest.xml:17:13-36
236            android:launchMode="singleInstance"
236-->[com.stripe:link:20.28.3] AndroidManifest.xml:18:13-48
237            android:theme="@style/StripeTransparentTheme" >
237-->[com.stripe:link:20.28.3] AndroidManifest.xml:19:13-58
238            <intent-filter>
238-->[com.stripe:link:20.28.3] AndroidManifest.xml:20:13-30:29
239                <action android:name="android.intent.action.VIEW" />
239-->[com.stripe:link:20.28.3] AndroidManifest.xml:21:17-69
239-->[com.stripe:link:20.28.3] AndroidManifest.xml:21:25-66
240
241                <category android:name="android.intent.category.DEFAULT" />
241-->[com.stripe:link:20.28.3] AndroidManifest.xml:23:17-76
241-->[com.stripe:link:20.28.3] AndroidManifest.xml:23:27-73
242                <category android:name="android.intent.category.BROWSABLE" />
242-->[com.stripe:link:20.28.3] AndroidManifest.xml:24:17-78
242-->[com.stripe:link:20.28.3] AndroidManifest.xml:24:27-75
243
244                <data
244-->[com.stripe:link:20.28.3] AndroidManifest.xml:26:17-29:51
245                    android:host="complete"
245-->[com.stripe:link:20.28.3] AndroidManifest.xml:27:21-44
246                    android:path="/com.example.movein"
246-->[com.stripe:link:20.28.3] AndroidManifest.xml:28:21-53
247                    android:scheme="link-popup" />
247-->[com.stripe:link:20.28.3] AndroidManifest.xml:29:21-48
248            </intent-filter>
249        </activity>
250        <activity
250-->[com.stripe:financial-connections:20.28.3] AndroidManifest.xml:21:9-65:20
251            android:name="com.stripe.android.financialconnections.FinancialConnectionsSheetRedirectActivity"
251-->[com.stripe:financial-connections:20.28.3] AndroidManifest.xml:22:13-109
252            android:exported="true"
252-->[com.stripe:financial-connections:20.28.3] AndroidManifest.xml:23:13-36
253            android:launchMode="singleTask" >
253-->[com.stripe:financial-connections:20.28.3] AndroidManifest.xml:24:13-44
254            <intent-filter>
254-->[com.stripe:financial-connections:20.28.3] AndroidManifest.xml:25:13-64:29
255                <action android:name="android.intent.action.VIEW" />
255-->[com.stripe:link:20.28.3] AndroidManifest.xml:21:17-69
255-->[com.stripe:link:20.28.3] AndroidManifest.xml:21:25-66
256
257                <category android:name="android.intent.category.DEFAULT" />
257-->[com.stripe:link:20.28.3] AndroidManifest.xml:23:17-76
257-->[com.stripe:link:20.28.3] AndroidManifest.xml:23:27-73
258                <category android:name="android.intent.category.BROWSABLE" />
258-->[com.stripe:link:20.28.3] AndroidManifest.xml:24:17-78
258-->[com.stripe:link:20.28.3] AndroidManifest.xml:24:27-75
259
260                <!-- Returning from app2app: return_url is triggered to reopen web AuthFlow and poll accounts. -->
261                <data
261-->[com.stripe:link:20.28.3] AndroidManifest.xml:26:17-29:51
262                    android:host="link-accounts"
262-->[com.stripe:link:20.28.3] AndroidManifest.xml:27:21-44
263                    android:pathPrefix="/com.example.movein/authentication_return"
264                    android:scheme="stripe-auth" />
264-->[com.stripe:link:20.28.3] AndroidManifest.xml:29:21-48
265
266                <!-- Returning from app2app: return_url is triggered to reopen native AuthFlow and poll accounts. -->
267                <data
267-->[com.stripe:link:20.28.3] AndroidManifest.xml:26:17-29:51
268                    android:host="link-native-accounts"
268-->[com.stripe:link:20.28.3] AndroidManifest.xml:27:21-44
269                    android:pathPrefix="/com.example.movein/authentication_return"
270                    android:scheme="stripe-auth" />
270-->[com.stripe:link:20.28.3] AndroidManifest.xml:29:21-48
271
272                <!-- End of web AuthFlow success and cancel URIs that begin with "stripe-auth://link-accounts/{app-id}/...” -->
273                <data
273-->[com.stripe:link:20.28.3] AndroidManifest.xml:26:17-29:51
274                    android:host="link-accounts"
274-->[com.stripe:link:20.28.3] AndroidManifest.xml:27:21-44
275                    android:path="/com.example.movein/success"
275-->[com.stripe:link:20.28.3] AndroidManifest.xml:28:21-53
276                    android:scheme="stripe-auth" />
276-->[com.stripe:link:20.28.3] AndroidManifest.xml:29:21-48
277                <data
277-->[com.stripe:link:20.28.3] AndroidManifest.xml:26:17-29:51
278                    android:host="link-accounts"
278-->[com.stripe:link:20.28.3] AndroidManifest.xml:27:21-44
279                    android:path="/com.example.movein/cancel"
279-->[com.stripe:link:20.28.3] AndroidManifest.xml:28:21-53
280                    android:scheme="stripe-auth" />
280-->[com.stripe:link:20.28.3] AndroidManifest.xml:29:21-48
281
282                <!-- Opening app2app: Web flow triggers stripe-auth://native-redirect/{app-id}/http://web-that-redirects-to-native -->
283                <data
283-->[com.stripe:link:20.28.3] AndroidManifest.xml:26:17-29:51
284                    android:host="native-redirect"
284-->[com.stripe:link:20.28.3] AndroidManifest.xml:27:21-44
285                    android:pathPrefix="/com.example.movein"
286                    android:scheme="stripe-auth" />
286-->[com.stripe:link:20.28.3] AndroidManifest.xml:29:21-48
287
288                <!-- Accepts success/cancel/fail URIs that begin with "stripe://auth-redirect” -->
289                <data
289-->[com.stripe:link:20.28.3] AndroidManifest.xml:26:17-29:51
290                    android:host="auth-redirect"
290-->[com.stripe:link:20.28.3] AndroidManifest.xml:27:21-44
291                    android:pathPrefix="/com.example.movein"
292                    android:scheme="stripe" />
292-->[com.stripe:link:20.28.3] AndroidManifest.xml:29:21-48
293            </intent-filter>
294        </activity>
295        <activity
295-->[com.stripe:financial-connections:20.28.3] AndroidManifest.xml:66:9-69:57
296            android:name="com.stripe.android.financialconnections.FinancialConnectionsSheetActivity"
296-->[com.stripe:financial-connections:20.28.3] AndroidManifest.xml:67:13-101